<?xml version="1.0" encoding="UTF-8"?>
<testng-results ignored="0" total="1" passed="1" failed="0" skipped="0">
  <reporter-output>
  </reporter-output>
  <suite started-at="2023-09-29T14:46:41 PST" name="Default suite" finished-at="2023-09-29T14:46:41 PST" duration-ms="42">
    <groups>
    </groups>
    <test started-at="2023-09-29T14:46:41 PST" name="Default test" finished-at="2023-09-29T14:46:41 PST" duration-ms="42">
      <class name="Test1">
        <test-method signature="streamCollect()[pri:0, instance:Test1@6221a451]" started-at="2023-09-29T14:46:41 PST" name="streamCollect" finished-at="2023-09-29T14:46:41 PST" duration-ms="13" status="PASS">
          <reporter-output>
          </reporter-output>
        </test-method> <!-- streamCollect -->
      </class> <!-- Test1 -->
    </test> <!-- Default test -->
  </suite> <!-- Default suite -->
</testng-results>
