<?xml version="1.0" encoding="UTF-8"?>
<testng-results ignored="0" total="2" passed="2" failed="0" skipped="0">
  <reporter-output>
  </reporter-output>
  <suite started-at="2024-01-24T14:43:32 PST" name="Default suite" finished-at="2024-01-24T14:43:32 PST" duration-ms="71">
    <groups>
    </groups>
    <test started-at="2024-01-24T14:43:32 PST" name="Default test" finished-at="2024-01-24T14:43:32 PST" duration-ms="71">
      <class name="AAA">
        <test-method signature="TC1()[pri:0, instance:AAA@5e600dd5]" started-at="2024-01-24T14:43:32 PST" name="TC1" finished-at="2024-01-24T14:43:32 PST" duration-ms="12" status="PASS">
          <reporter-output>
          </reporter-output>
        </test-method> <!-- TC1 -->
        <test-method signature="TC2()[pri:0, instance:AAA@5e600dd5]" started-at="2024-01-24T14:43:32 PST" name="TC2" finished-at="2024-01-24T14:43:32 PST" duration-ms="2" status="PASS">
          <reporter-output>
          </reporter-output>
        </test-method> <!-- TC2 -->
      </class> <!-- AAA -->
    </test> <!-- Default test -->
  </suite> <!-- Default suite -->
</testng-results>
